[2025-07-28 03:46:02] [warning] Failed login attempt for: admin
[2025-07-28 03:47:29] [warning] Failed login attempt for: admin
[2025-07-28 03:47:54] [warning] Failed login attempt for: admin@ojotokenmining.com
[2025-07-28 03:50:13] [warning] Failed login attempt for: admin
[2025-07-28 03:53:54] [warning] Failed login attempt for: admin
[2025-07-28 03:54:29] [warning] Failed login attempt for: admin
[2025-07-28 03:55:41] [warning] Failed login attempt for: admin
[2025-07-28 03:58:29] [warning] Failed login attempt for: admin
[2025-07-28 04:01:01] [info] User login successful: admin
[2025-07-28 04:02:30] [info] User logout: admin
[2025-07-28 04:02:40] [info] User login successful: admin
[2025-07-28 04:03:53] [info] User logout: admin
[2025-07-28 04:19:49] [info] User registration sponsor assignment: test1 -> No sponsor assigned.
[2025-07-28 04:19:49] [info] New user registered: test1
[2025-07-28 04:25:01] [warning] Failed login attempt for: admin
[2025-07-28 04:25:34] [info] User login successful: admin
[2025-07-28 04:25:52] [info] User logout: admin
[2025-07-28 04:26:13] [info] User registration sponsor assignment: test1 -> No sponsor specified. Assigned to admin as default sponsor.
[2025-07-28 04:26:13] [info] New user registered: test1
[2025-07-28 04:26:25] [info] User login successful: test1
[2025-07-28 09:05:13] [info] User login successful: admin
[2025-07-28 09:05:55] [info] User logout: admin
[2025-07-28 09:06:05] [info] User login successful: test1
[2025-07-28 09:13:48] [info] User logout: test1
[2025-07-28 09:20:16] [info] User login successful: test1
[2025-07-28 18:29:40] [info] User login successful: test1
[2025-07-28 18:55:51] [info] User logout: test1
[2025-07-28 18:56:01] [info] User login successful: test1
[2025-07-28 19:53:17] [error] Add ewallet transaction error: SQLSTATE[01000]: Warning: 1265 Data truncated for column 'type' at row 1
[2025-07-28 20:00:42] [error] Add ewallet transaction error: SQLSTATE[01000]: Warning: 1265 Data truncated for column 'type' at row 1
[2025-07-28 20:12:36] [error] Add ewallet transaction error: SQLSTATE[01000]: Warning: 1265 Data truncated for column 'type' at row 1
[2025-07-28 21:37:41] [info] User login successful: test1
[2025-07-28 22:39:56] [info] User logout: test1
[2025-07-28 22:40:05] [info] User login successful: admin
[2025-07-29 00:22:02] [info] User login successful: admin
[2025-07-29 01:53:57] [info] User login successful: admin
[2025-07-29 02:40:17] [info] User logout: admin
[2025-07-29 02:40:41] [info] User login successful: admin
[2025-07-29 03:20:32] [info] User login successful: test1
[2025-07-29 06:26:41] [info] User login successful: test1
[2025-07-29 08:16:37] [info] User login successful: test1
[2025-07-29 08:17:06] [info] Package purchased: User 2 bought package 5
[2025-07-29 08:17:52] [info] User login successful: admin
[2025-07-29 08:20:55] [info] User registration sponsor assignment: test2 -> Sponsor assigned: test1
[2025-07-29 08:20:55] [info] New user registered: test2
[2025-07-29 08:21:34] [info] User registration sponsor assignment: test3 -> Sponsor assigned: test2
[2025-07-29 08:21:34] [info] New user registered: test3
[2025-07-29 08:21:52] [info] User login successful: test2
[2025-07-29 08:29:13] [info] Package purchased: User 3 bought package 5
[2025-07-29 09:34:52] [info] User login successful: admin
[2025-07-29 10:25:11] [info] User registration sponsor assignment: test1 -> No sponsor specified. Assigned to admin as default sponsor.
[2025-07-29 10:25:11] [info] New user registered: test1
[2025-07-29 10:25:25] [info] User login successful: test1
[2025-07-29 10:26:46] [info] User registration sponsor assignment: test2 -> Sponsor assigned: test1
[2025-07-29 10:26:46] [info] New user registered: test2
[2025-07-29 10:28:18] [info] Package purchased: User 2 bought package 6
[2025-07-29 10:28:54] [info] User login successful: test2
[2025-07-29 10:29:45] [info] Package purchased: User 3 bought package 6
[2025-07-29 10:44:32] [info] User logout: test1
[2025-07-29 10:44:42] [info] User login successful: test1
[2025-07-29 13:13:42] [info] User login successful: test1
[2025-07-29 17:08:10] [info] Profile updated for user ID: 2
[2025-07-29 17:08:32] [info] Profile updated for user ID: 2
[2025-07-29 17:08:36] [info] Profile updated for user ID: 2
[2025-07-29 17:10:30] [info] User login successful: admin
[2025-07-30 00:01:58] [info] User login successful: admin
[2025-07-30 00:02:13] [info] User login successful: test1
